.hero {
    height: 100vh;
    background: url('https://via.placeholder.com/1920x1080') no-repeat center center/cover; /* Placeholder image */
    display: flex;
    justify-content: center;
    align-items: center;
    color: white;
    text-align: center;
    position: relative;
    overflow: hidden; 
}

.background-video {
    position: fixed; /* Keeps the video fixed in the background */
    top: 0;
    left: 0;
    width: 100%;
    height: 100%;
    object-fit: cover; /* Ensures the video covers the entire viewport */
    z-index: -1; /* Places the video behind content */
  }